\BOOKMARK [0][-]{chapter*.2}{\376\377\000L\000i\000s\000t\000\040\000o\000f\000\040\000F\000i\000g\000u\000r\000e\000s}{}% 1
\BOOKMARK [0][-]{chapter*.3}{\376\377\000L\000i\000s\000t\000\040\000o\000f\000\040\000T\000a\000b\000l\000e\000s}{}% 2
\BOOKMARK [0][-]{chapter*.4}{\376\377\000L\000i\000s\000t\000\040\000o\000f\000\040\000L\000i\000s\000t\000i\000n\000g\000s}{}% 3
\BOOKMARK [0][-]{chapter*.4}{\376\377\000L\000i\000s\000t\000\040\000o\000f\000\040\000S\000y\000m\000b\000o\000l\000s}{}% 4
\BOOKMARK [0][-]{chapter.1}{\376\377\000T\000h\000e\000r\000m\000o\000S\0002\0006\000-\0000\0001}{}% 5
\BOOKMARK [1][-]{section*.5}{\376\377\000N\000o\000n\000-\000E\000q\000u\000i\000l\000i\000b\000r\000i\000u\000m\000\040\000T\000h\000e\000r\000m\000o\000d\000y\000n\000a\000m\000i\000c\000s}{chapter.1}% 6
\BOOKMARK [1][-]{section.1.1}{\376\377\000E\000q\000u\000i\000l\000i\000b\000r\000i\000u\000m\000\040\000T\000h\000e\000r\000m\000o\000d\000y\000n\000a\000m\000i\000c\000s}{chapter.1}% 7
\BOOKMARK [0][-]{chapter.2}{\376\377\000T\000h\000e\000r\000m\000o\000S\0002\0006\000-\0000\0002}{}% 8
\BOOKMARK [1][-]{section.2.1}{\376\377\000F\000u\000n\000d\000a\000m\000e\000n\000t\000a\000l\000\040\000R\000e\000l\000a\000t\000i\000o\000n\000s\000\040\000a\000n\000d\000\040\000E\000q\000u\000a\000t\000i\000o\000n\000s\000\040\000o\000f\000\040\000S\000t\000a\000t\000e}{chapter.2}% 9
\BOOKMARK [1][-]{section.2.2}{\376\377\000H\000o\000m\000o\000g\000e\000n\000e\000i\000t\000y\000\040\000o\000f\000\040\000t\000h\000e\000\040\000F\000u\000n\000d\000a\000m\000e\000n\000t\000a\000l\000\040\000R\000e\000l\000a\000t\000i\000o\000n\000s}{chapter.2}% 10
\BOOKMARK [1][-]{section.2.3}{\376\377\000P\000a\000t\000h\000\040\000\050\000C\000o\000n\000t\000o\000u\000r\000\051\000\040\000I\000n\000t\000e\000g\000r\000a\000l\000s}{chapter.2}% 11
\BOOKMARK [0][-]{chapter.3}{\376\377\000T\000h\000e\000r\000m\000o\000S\0002\0006\000-\0000\0003}{}% 12
\BOOKMARK [1][-]{section.3.1}{\376\377\000E\000x\000a\000c\000t\000\040\000D\000i\000f\000f\000e\000r\000e\000n\000t\000i\000a\000l\000s\000\040\000i\000n\000\040\000T\000h\000e\000r\000m\000o\000d\000y\000n\000a\000m\000i\000c\000s}{chapter.3}% 13
\BOOKMARK [1][-]{section.3.2}{\376\377\000H\000e\000a\000t\000\040\000F\000l\000o\000w}{chapter.3}% 14
\BOOKMARK [0][-]{chapter.4}{\376\377\000T\000h\000e\000r\000m\000o\000S\0002\0006\000-\0000\0004}{}% 15
\BOOKMARK [1][-]{section.4.1}{\376\377\000T\000h\000e\000\040\000E\000u\000l\000e\000r\000\040\000E\000q\000u\000a\000t\000i\000o\000n}{chapter.4}% 16
\BOOKMARK [0][-]{chapter.5}{\376\377\000T\000h\000e\000r\000m\000o\000S\0002\0006\000-\0000\0005}{}% 17
\BOOKMARK [1][-]{section.5.1}{\376\377\000E\000x\000a\000m\000p\000l\000e\000s}{chapter.5}% 18
\BOOKMARK [1][-]{section.5.2}{\376\377\000E\000u\000l\000e\000r\000\040\000E\000q\000u\000a\000t\000i\000o\000n\000\040\000w\000i\000t\000h\000\040\000R\000e\000s\000p\000e\000c\000t\000\040\000t\000o\000\040\000E\000n\000t\000r\000o\000p\000y}{chapter.5}% 19
\BOOKMARK [1][-]{section.5.3}{\376\377\000G\000i\000b\000b\000s\000-\000D\000u\000h\000e\000m\000\040\000R\000e\000l\000a\000t\000i\000o\000n\000\040\000i\000n\000\040\000t\000h\000e\000\040\000E\000n\000t\000r\000o\000p\000y\000\040\000F\000o\000r\000m}{chapter.5}% 20
\BOOKMARK [1][-]{section.5.4}{\376\377\000M\000o\000l\000a\000r\000\040\000E\000u\000l\000e\000r\000\040\000a\000n\000d\000\040\000G\000i\000b\000b\000s\040\023\000D\000u\000h\000e\000m\000\040\000E\000q\000u\000a\000t\000i\000o\000n}{chapter.5}% 21
\BOOKMARK [1][-]{section.5.5}{\376\377\000E\000x\000a\000m\000p\000l\000e\000s}{chapter.5}% 22
\BOOKMARK [0][-]{chapter.6}{\376\377\000T\000h\000e\000r\000m\000o\000S\0002\0006\000-\0000\0006}{}% 23
\BOOKMARK [1][-]{section.6.1}{\376\377\000L\000e\000g\000e\000n\000d\000r\000e\000\040\000T\000r\000a\000n\000s\000f\000o\000r\000m\000s\000\040\000a\000n\000d\000\040\000T\000h\000e\000r\000m\000o\000d\000y\000n\000a\000m\000i\000c\000\040\000P\000o\000t\000e\000n\000t\000i\000a\000l\000s}{chapter.6}% 24
\BOOKMARK [0][-]{chapter.7}{\376\377\000T\000h\000e\000r\000m\000o\000S\0002\0006\000-\0000\0007}{}% 25
\BOOKMARK [1][-]{section.7.1}{\376\377\000E\000q\000u\000i\000l\000i\000b\000r\000i\000u\000m\000\040\000w\000i\000t\000h\000\040\000a\000\040\000h\000e\000a\000t\000\040\000B\000a\000t\000h}{chapter.7}% 26
\BOOKMARK [0][-]{chapter.8}{\376\377\000T\000h\000e\000r\000m\000o\000S\0002\0006\000-\0000\0008}{}% 27
\BOOKMARK [1][-]{section.8.1}{\376\377\000M\000a\000x\000w\000e\000l\000l\000'\000s\000\040\000C\000o\000m\000m\000o\000n\000\040\000T\000a\000n\000g\000e\000n\000t\000\040\000C\000o\000n\000s\000t\000r\000u\000c\000t\000i\000o\000n}{chapter.8}% 28
\BOOKMARK [1][-]{section.8.2}{\376\377\000U\000n\000a\000r\000y\000\040\000I\000s\000o\000t\000h\000e\000r\000m\000a\000l\000\040\000P\000h\000a\000s\000e\000\040\000D\000i\000a\000g\000r\000a\000m\000s\000\040\000\050\000a\000t\000\040\000c\000o\000n\000s\000t\000a\000n\000t\000\040\000v\000o\000l\000u\000m\000e\000\051}{chapter.8}% 29
\BOOKMARK [0][-]{chapter*.44}{\376\377\000B\000i\000b\000l\000i\000o\000g\000r\000a\000p\000h\000y}{}% 30
